2024/10/29  21:20:23.329  [TRACE]   MrAcqSimulationPlugin: Plugin::init(): started
2024/10/29  21:20:23.330  [TRACE]   MrAcqSimulationPlugin: SimulationServant_impl::SimulationServant_impl(): started/finished
2024/10/29  21:20:23.330  [TRACE]   MrAcqSimulationPlugin: Plugin::init(): return true
2024/10/29  21:20:23.330  [TRACE]   MrAcqSimulationPlugin: Plugin::afterStart(): started
2024/10/29  21:20:23.330  [TRACE]   MrAcqSimulationPlugin: Plugin::afterStart(): return true
2024/10/29  21:20:23.331  [INFO]    MxiAcqRecoPlugin: Plugin::init(): run 'gsauto -psMode 65 -prototypeMode 0 -adjName Reference Scan -procnoPath /opt/PV-360.3.5/data/cristina/20241029_191407_291024_BDL791_shamFem_6w_MRSI_SVS_291024_BDL791_shamFem_6w_MRSI_SVS_1_1/22/pdata/1 -serverName MxiAcqReco_2.16.756.5.5.200.8323328.268382.1730231927.8658_866307_10801976722_65 -logSeverityLevel SL_INFO ')
2024/10/29  21:20:23.425  [INFO]    MxiAcqRecoPlugin: AcqClient::getMessageCorba(): return 1. Message kind 'Show_status': pulse program in compilation
2024/10/29  21:20:24.363  [INFO]    MxiAcqRecoPlugin: AcqClient::getMessageCorba(): return 1. Message kind 'Show_status': loading TRX2
2024/10/29  21:20:24.367  [INFO]    MxiAcqRecoPlugin: AcqClient::getMessageCorba(): return 1. Message kind 'Show_status': loading TRX3
2024/10/29  21:20:24.372  [INFO]    MxiAcqRecoPlugin: AcqClient::getMessageCorba(): return 1. Message kind 'Show_status': loading TRX4
2024/10/29  21:20:24.376  [INFO]    MxiAcqRecoPlugin: AcqClient::getMessageCorba(): return 1. Message kind 'Show_status': loading TRX5
2024/10/29  21:20:24.378  [INFO]    MxiAcqRecoPlugin: AcqClient::getMessageCorba(): return 1. Message kind 'Show_status': loading TRX6
2024/10/29  21:20:24.381  [INFO]    MxiAcqRecoPlugin: AcqClient::getMessageCorba(): return 1. Message kind 'Show_status': loading TRX7
2024/10/29  21:20:24.569  [INFO]    MxiAcqRecoPlugin: AcqClient::getMessageCorba(): return 1. Message kind 'Show_status': prepare Gradients for Gradient Controller
2024/10/29  21:20:25.372  [INFO]    MxiAcqRecoPlugin: AcqClient::getMessageCorba(): return 1. Message kind 'Show_status': Loading AQS Rack
2024/10/29  21:20:25.374  [INFO]    MxiAcqRecoPlugin: AcqClient::getMessageCorba(): return 1. Message kind 'Show_status': Load GTU and TRX
2024/10/29  21:20:25.515  [INFO]    MxiAcqRecoPlugin: AcqClient::getMessageCorba(): return 1. Message kind 'Show_status': Start GTU and TRX
2024/10/29  21:20:25.661  [INFO]    MxiAcqRecoPlugin: AcqClient::getMessageCorba(): return 1. Message kind 'Show_status': automatic adjustment in progress
2024/10/29  21:20:35.662  [INFO]    MxiAcqRecoPlugin: AcqClient::getMessageCorba(): return 1. Message kind 'Empty': 
2024/10/29  21:20:45.663  [INFO]    MxiAcqRecoPlugin: AcqClient::getMessageCorba(): return 1. Message kind 'Empty': 
2024/10/29  21:20:55.665  [INFO]    MxiAcqRecoPlugin: AcqClient::getMessageCorba(): return 1. Message kind 'Empty': 
2024/10/29  21:21:05.666  [INFO]    MxiAcqRecoPlugin: AcqClient::getMessageCorba(): return 1. Message kind 'Empty': 
2024/10/29  21:21:15.667  [INFO]    MxiAcqRecoPlugin: AcqClient::getMessageCorba(): return 1. Message kind 'Empty': 
2024/10/29  21:21:25.668  [INFO]    MxiAcqRecoPlugin: AcqClient::getMessageCorba(): return 1. Message kind 'Empty': 
2024/10/29  21:21:35.669  [INFO]    MxiAcqRecoPlugin: AcqClient::getMessageCorba(): return 1. Message kind 'Empty': 
2024/10/29  21:21:45.670  [INFO]    MxiAcqRecoPlugin: AcqClient::getMessageCorba(): return 1. Message kind 'Empty': 
2024/10/29  21:21:55.671  [INFO]    MxiAcqRecoPlugin: AcqClient::getMessageCorba(): return 1. Message kind 'Empty': 
2024/10/29  21:21:58.743  [INFO]    MxiAcqRecoPlugin: AcqClient::getMessageCorba(): return 1. Message kind 'Sendgui': statusparsmodified
2024/10/29  21:21:58.745  [INFO]    MxiAcqRecoPlugin: AcqClient::getMessageCorba(): return 1. Message kind 'Sendgui': statusparsmodified
2024/10/29  21:21:58.746  [INFO]    MxiAcqRecoPlugin: AcqClient::getMessageCorba(): return 1. Message kind 'Sendgui': statusparsmodified
2024/10/29  21:21:58.748  [INFO]    MxiAcqRecoPlugin: AcqClient::getMessageCorba(): return 1. Message kind 'Sendgui': statusparsmodified
2024/10/29  21:21:59.087  [INFO]    MxiAcqRecoPlugin: AcqClient::getMessageCorba(): return 1. Message kind 'Show_status': acquisition  finished 
2024/10/29  21:21:59.090  [INFO]    MxiAcqRecoPlugin: AcqClient::getMessageCorba(): return 0. Message kind 'TerminateNormal': 
2024/10/29  21:21:59.094  [WARNING] MxiAcqRecoPlugin: Manager::waitForFinish(): shouldRunThread not finished. Waiting ... 
2024/10/29  21:21:59.094  [WARNING] MxiAcqRecoPlugin: Manager::waitForFinish(): ... done
2024/10/29  21:21:59.095  [INFO]    MxiAcqRecoPlugin: Plugin::beforeStop(): finished
2024/10/29  21:21:59.097  [TRACE]   MrAcqSimulationPlugin: Plugin::beforeStop(): started
2024/10/29  21:21:59.097  [TRACE]   MrAcqSimulationPlugin: Plugin::beforeStop(): return true
2024/10/29  21:21:59.098  [TRACE]   MrAcqSimulationPlugin: SimulationServant_impl::~SimulationServant_impl(): started/finished
2024/10/29  21:21:59.511  [TRACE]   MrAcqSimulationPlugin: Plugin::init(): started
2024/10/29  21:21:59.511  [TRACE]   MrAcqSimulationPlugin: SimulationServant_impl::SimulationServant_impl(): started/finished
2024/10/29  21:21:59.511  [TRACE]   MrAcqSimulationPlugin: Plugin::init(): return true
2024/10/29  21:21:59.511  [TRACE]   MrAcqSimulationPlugin: Plugin::afterStart(): started
2024/10/29  21:21:59.511  [TRACE]   MrAcqSimulationPlugin: Plugin::afterStart(): return true
2024/10/29  21:21:59.511  [INFO]    MxiAcqRecoPlugin: Plugin::init(): run 'gsauto -psMode 65 -prototypeMode 0 -adjName Receiver Gain -procnoPath /opt/PV-360.3.5/data/cristina/20241029_191407_291024_BDL791_shamFem_6w_MRSI_SVS_291024_BDL791_shamFem_6w_MRSI_SVS_1_1/22/pdata/1 -serverName MxiAcqReco_2.16.756.5.5.200.8323328.268382.1730231927.8658_866307_10801976722_65 -logSeverityLevel SL_INFO ')
2024/10/29  21:21:59.622  [INFO]    MxiAcqRecoPlugin: AcqClient::getMessageCorba(): return 1. Message kind 'Show_status': pulse program in compilation
2024/10/29  21:22:00.656  [INFO]    MxiAcqRecoPlugin: AcqClient::getMessageCorba(): return 1. Message kind 'Show_status': loading TRX2
2024/10/29  21:22:00.661  [INFO]    MxiAcqRecoPlugin: AcqClient::getMessageCorba(): return 1. Message kind 'Show_status': loading TRX3
2024/10/29  21:22:00.665  [INFO]    MxiAcqRecoPlugin: AcqClient::getMessageCorba(): return 1. Message kind 'Show_status': loading TRX4
2024/10/29  21:22:00.669  [INFO]    MxiAcqRecoPlugin: AcqClient::getMessageCorba(): return 1. Message kind 'Show_status': loading TRX5
2024/10/29  21:22:00.671  [INFO]    MxiAcqRecoPlugin: AcqClient::getMessageCorba(): return 1. Message kind 'Show_status': loading TRX6
2024/10/29  21:22:00.674  [INFO]    MxiAcqRecoPlugin: AcqClient::getMessageCorba(): return 1. Message kind 'Show_status': loading TRX7
2024/10/29  21:22:00.892  [INFO]    MxiAcqRecoPlugin: AcqClient::getMessageCorba(): return 1. Message kind 'Show_status': prepare Gradients for Gradient Controller
2024/10/29  21:22:01.707  [INFO]    MxiAcqRecoPlugin: AcqClient::getMessageCorba(): return 1. Message kind 'Show_status': Loading AQS Rack
2024/10/29  21:22:01.710  [INFO]    MxiAcqRecoPlugin: AcqClient::getMessageCorba(): return 1. Message kind 'Show_status': Load GTU and TRX
2024/10/29  21:22:01.851  [INFO]    MxiAcqRecoPlugin: AcqClient::getMessageCorba(): return 1. Message kind 'Show_status': Start GTU and TRX
2024/10/29  21:22:01.994  [INFO]    MxiAcqRecoPlugin: AcqClient::getMessageCorba(): return 1. Message kind 'Show_status': automatic adjustment in progress
2024/10/29  21:22:11.995  [INFO]    MxiAcqRecoPlugin: AcqClient::getMessageCorba(): return 1. Message kind 'Empty': 
2024/10/29  21:22:21.996  [INFO]    MxiAcqRecoPlugin: AcqClient::getMessageCorba(): return 1. Message kind 'Empty': 
2024/10/29  21:22:23.022  [INFO]    MxiAcqRecoPlugin: AcqClient::getMessageCorba(): return 1. Message kind 'Sendgui': statusparsmodified
2024/10/29  21:22:23.024  [INFO]    MxiAcqRecoPlugin: AcqClient::getMessageCorba(): return 1. Message kind 'Sendgui': statusparsmodified
2024/10/29  21:22:23.025  [INFO]    MxiAcqRecoPlugin: AcqClient::getMessageCorba(): return 1. Message kind 'Sendgui': statusparsmodified
2024/10/29  21:22:23.027  [INFO]    MxiAcqRecoPlugin: AcqClient::getMessageCorba(): return 1. Message kind 'Sendgui': statusparsmodified
2024/10/29  21:22:23.345  [INFO]    MxiAcqRecoPlugin: AcqClient::getMessageCorba(): return 1. Message kind 'Show_status': acquisition  finished 
2024/10/29  21:22:23.349  [INFO]    MxiAcqRecoPlugin: AcqClient::getMessageCorba(): return 0. Message kind 'TerminateNormal': 
2024/10/29  21:22:23.356  [INFO]    MxiAcqRecoPlugin: Plugin::beforeStop(): finished
2024/10/29  21:22:23.358  [TRACE]   MrAcqSimulationPlugin: Plugin::beforeStop(): started
2024/10/29  21:22:23.358  [TRACE]   MrAcqSimulationPlugin: Plugin::beforeStop(): return true
2024/10/29  21:22:23.359  [TRACE]   MrAcqSimulationPlugin: SimulationServant_impl::~SimulationServant_impl(): started/finished
2024/10/29  21:22:23.647  [TRACE]   MrAcqSimulationPlugin: Plugin::init(): started
2024/10/29  21:22:23.647  [TRACE]   MrAcqSimulationPlugin: SimulationServant_impl::SimulationServant_impl(): started/finished
2024/10/29  21:22:23.647  [TRACE]   MrAcqSimulationPlugin: Plugin::init(): return true
2024/10/29  21:22:23.647  [TRACE]   MrAcqSimulationPlugin: Plugin::afterStart(): started
2024/10/29  21:22:23.647  [TRACE]   MrAcqSimulationPlugin: Plugin::afterStart(): return true
2024/10/29  21:22:23.647  [INFO]    MxiAcqRecoPlugin: Plugin::init(): run 'gop -psMode 65 -prototypeMode 0 -procnoPath /opt/PV-360.3.5/data/cristina/20241029_191407_291024_BDL791_shamFem_6w_MRSI_SVS_291024_BDL791_shamFem_6w_MRSI_SVS_1_1/22/pdata/1 -serverName MxiAcqReco_2.16.756.5.5.200.8323328.268382.1730231927.8658_866307_10801976722_65 -logSeverityLevel SL_INFO ')
2024/10/29  21:22:23.764  [INFO]    MxiAcqRecoPlugin: AcqClient::getMessageCorba(): return 1. Message kind 'Show_status': pulse program in compilation
2024/10/29  21:22:24.792  [INFO]    MxiAcqRecoPlugin: AcqClient::getMessageCorba(): return 1. Message kind 'Show_status': loading TRX2
2024/10/29  21:22:24.796  [INFO]    MxiAcqRecoPlugin: AcqClient::getMessageCorba(): return 1. Message kind 'Show_status': loading TRX3
2024/10/29  21:22:24.800  [INFO]    MxiAcqRecoPlugin: AcqClient::getMessageCorba(): return 1. Message kind 'Show_status': loading TRX4
2024/10/29  21:22:24.804  [INFO]    MxiAcqRecoPlugin: AcqClient::getMessageCorba(): return 1. Message kind 'Show_status': loading TRX5
2024/10/29  21:22:24.807  [INFO]    MxiAcqRecoPlugin: AcqClient::getMessageCorba(): return 1. Message kind 'Show_status': loading TRX6
2024/10/29  21:22:24.809  [INFO]    MxiAcqRecoPlugin: AcqClient::getMessageCorba(): return 1. Message kind 'Show_status': loading TRX7
2024/10/29  21:22:25.028  [INFO]    MxiAcqRecoPlugin: AcqClient::getMessageCorba(): return 1. Message kind 'Show_status': prepare Gradients for Gradient Controller
2024/10/29  21:22:25.835  [INFO]    MxiAcqRecoPlugin: AcqClient::getMessageCorba(): return 1. Message kind 'Show_status': Loading AQS Rack
2024/10/29  21:22:25.838  [INFO]    MxiAcqRecoPlugin: AcqClient::getMessageCorba(): return 1. Message kind 'Show_status': Load GTU and TRX
2024/10/29  21:22:25.976  [INFO]    MxiAcqRecoPlugin: AcqClient::getMessageCorba(): return 1. Message kind 'Show_status': Start GTU and TRX
2024/10/29  21:22:26.126  [INFO]    MxiAcqRecoPlugin: AcqClient::getMessageCorba(): return 1. Message kind 'Show_status': acquisition in progress
2024/10/29  21:22:36.127  [INFO]    MxiAcqRecoPlugin: AcqClient::getMessageCorba(): return 1. Message kind 'Empty': 
2024/10/29  21:22:46.128  [INFO]    MxiAcqRecoPlugin: AcqClient::getMessageCorba(): return 1. Message kind 'Empty': 
2024/10/29  21:22:56.129  [INFO]    MxiAcqRecoPlugin: AcqClient::getMessageCorba(): return 1. Message kind 'Empty': 
2024/10/29  21:23:06.130  [INFO]    MxiAcqRecoPlugin: AcqClient::getMessageCorba(): return 1. Message kind 'Empty': 
2024/10/29  21:23:16.131  [INFO]    MxiAcqRecoPlugin: AcqClient::getMessageCorba(): return 1. Message kind 'Empty': 
2024/10/29  21:23:26.132  [INFO]    MxiAcqRecoPlugin: AcqClient::getMessageCorba(): return 1. Message kind 'Empty': 
2024/10/29  21:23:36.133  [INFO]    MxiAcqRecoPlugin: AcqClient::getMessageCorba(): return 1. Message kind 'Empty': 
2024/10/29  21:23:46.134  [INFO]    MxiAcqRecoPlugin: AcqClient::getMessageCorba(): return 1. Message kind 'Empty': 
2024/10/29  21:23:56.135  [INFO]    MxiAcqRecoPlugin: AcqClient::getMessageCorba(): return 1. Message kind 'Empty': 
2024/10/29  21:24:02.322  [INFO]    MxiAcqRecoPlugin: AcqClient::getMessageCorba(): return 1. Message kind 'Sendgui': statusparsmodified
2024/10/29  21:24:02.324  [INFO]    MxiAcqRecoPlugin: AcqClient::getMessageCorba(): return 1. Message kind 'Sendgui': statusparsmodified
2024/10/29  21:24:02.325  [INFO]    MxiAcqRecoPlugin: AcqClient::getMessageCorba(): return 1. Message kind 'Sendgui': statusparsmodified
2024/10/29  21:24:02.327  [INFO]    MxiAcqRecoPlugin: AcqClient::getMessageCorba(): return 1. Message kind 'Sendgui': statusparsmodified
2024/10/29  21:24:02.532  [INFO]    MxiAcqRecoPlugin: AcqClient::getMessageCorba(): return 1. Message kind 'Show_status': acquisition  finished 
2024/10/29  21:24:02.539  [INFO]    MxiAcqRecoPlugin: AcqClient::getMessageCorba(): return 0. Message kind 'TerminateNormal': 
2024/10/29  21:24:02.543  [INFO]    MxiAcqRecoPlugin: Plugin::beforeStop(): finished
2024/10/29  21:24:02.544  [TRACE]   MrAcqSimulationPlugin: Plugin::beforeStop(): started
2024/10/29  21:24:02.544  [TRACE]   MrAcqSimulationPlugin: Plugin::beforeStop(): return true
2024/10/29  21:24:02.545  [TRACE]   MrAcqSimulationPlugin: SimulationServant_impl::~SimulationServant_impl(): started/finished
