2025/07/11  10:52:27.439  [TRACE]   MrAcqSimulationPlugin: Plugin::init(): started
2025/07/11  10:52:27.439  [TRACE]   MrAcqSimulationPlugin: SimulationServant_impl::SimulationServant_impl(): started/finished
2025/07/11  10:52:27.439  [TRACE]   MrAcqSimulationPlugin: Plugin::init(): return true
2025/07/11  10:52:27.439  [TRACE]   MrAcqSimulationPlugin: Plugin::afterStart(): started
2025/07/11  10:52:27.439  [TRACE]   MrAcqSimulationPlugin: Plugin::afterStart(): return true
2025/07/11  10:52:27.439  [INFO]    MxiAcqRecoPlugin: Plugin::init(): run 'gsauto -psMode 65 -prototypeMode 0 -adjName Reference Scan -procnoPath /opt/PV-360.3.5/data/cristina/20250711_084756_Toi_dMRS_20250711_RatFem_dSPECIAL_dMRI_1_4/34/pdata/1 -serverName MxiAcqReco_2.16.756.5.5.200.8323328.1372159.1752223718.1910_866307_466516442_65 -logSeverityLevel SL_INFO ')
2025/07/11  10:52:27.539  [INFO]    MxiAcqRecoPlugin: AcqClient::getMessageCorba(): return 1. Message kind 'Show_status': pulse program in compilation
2025/07/11  10:52:28.913  [INFO]    MxiAcqRecoPlugin: AcqClient::getMessageCorba(): return 1. Message kind 'Show_status': loading TRX2
2025/07/11  10:52:28.918  [INFO]    MxiAcqRecoPlugin: AcqClient::getMessageCorba(): return 1. Message kind 'Show_status': loading TRX3
2025/07/11  10:52:28.923  [INFO]    MxiAcqRecoPlugin: AcqClient::getMessageCorba(): return 1. Message kind 'Show_status': loading TRX4
2025/07/11  10:52:28.927  [INFO]    MxiAcqRecoPlugin: AcqClient::getMessageCorba(): return 1. Message kind 'Show_status': loading TRX5
2025/07/11  10:52:28.929  [INFO]    MxiAcqRecoPlugin: AcqClient::getMessageCorba(): return 1. Message kind 'Show_status': loading TRX6
2025/07/11  10:52:28.932  [INFO]    MxiAcqRecoPlugin: AcqClient::getMessageCorba(): return 1. Message kind 'Show_status': loading TRX7
2025/07/11  10:52:29.273  [INFO]    MxiAcqRecoPlugin: AcqClient::getMessageCorba(): return 1. Message kind 'Show_status': prepare Gradients for Gradient Controller
2025/07/11  10:52:30.092  [INFO]    MxiAcqRecoPlugin: AcqClient::getMessageCorba(): return 1. Message kind 'Show_status': Loading AQS Rack
2025/07/11  10:52:30.095  [INFO]    MxiAcqRecoPlugin: AcqClient::getMessageCorba(): return 1. Message kind 'Show_status': Load GTU and TRX
2025/07/11  10:52:30.236  [INFO]    MxiAcqRecoPlugin: AcqClient::getMessageCorba(): return 1. Message kind 'Show_status': Start GTU and TRX
2025/07/11  10:52:30.368  [INFO]    MxiAcqRecoPlugin: AcqClient::getMessageCorba(): return 1. Message kind 'Show_status': automatic adjustment in progress
2025/07/11  10:52:40.369  [INFO]    MxiAcqRecoPlugin: AcqClient::getMessageCorba(): return 1. Message kind 'Empty': 
2025/07/11  10:52:50.370  [INFO]    MxiAcqRecoPlugin: AcqClient::getMessageCorba(): return 1. Message kind 'Empty': 
2025/07/11  10:52:52.572  [INFO]    MxiAcqRecoPlugin: AcqClient::getMessageCorba(): return 1. Message kind 'Sendgui': statusparsmodified
2025/07/11  10:52:52.573  [INFO]    MxiAcqRecoPlugin: AcqClient::getMessageCorba(): return 1. Message kind 'Sendgui': statusparsmodified
2025/07/11  10:52:52.575  [INFO]    MxiAcqRecoPlugin: AcqClient::getMessageCorba(): return 1. Message kind 'Sendgui': statusparsmodified
2025/07/11  10:52:52.576  [INFO]    MxiAcqRecoPlugin: AcqClient::getMessageCorba(): return 1. Message kind 'Sendgui': statusparsmodified
2025/07/11  10:52:52.897  [INFO]    MxiAcqRecoPlugin: AcqClient::getMessageCorba(): return 1. Message kind 'Show_status': acquisition  finished 
2025/07/11  10:52:52.899  [INFO]    MxiAcqRecoPlugin: AcqClient::getMessageCorba(): return 0. Message kind 'TerminateNormal': 
2025/07/11  10:52:52.903  [WARNING] MxiAcqRecoPlugin: Manager::waitForFinish(): shouldRunThread not finished. Waiting ... 
2025/07/11  10:52:52.903  [WARNING] MxiAcqRecoPlugin: Manager::waitForFinish(): ... done
2025/07/11  10:52:52.904  [INFO]    MxiAcqRecoPlugin: Plugin::beforeStop(): finished
2025/07/11  10:52:52.905  [TRACE]   MrAcqSimulationPlugin: Plugin::beforeStop(): started
2025/07/11  10:52:52.905  [TRACE]   MrAcqSimulationPlugin: Plugin::beforeStop(): return true
2025/07/11  10:52:52.906  [TRACE]   MrAcqSimulationPlugin: SimulationServant_impl::~SimulationServant_impl(): started/finished
2025/07/11  10:52:53.303  [TRACE]   MrAcqSimulationPlugin: Plugin::init(): started
2025/07/11  10:52:53.303  [TRACE]   MrAcqSimulationPlugin: SimulationServant_impl::SimulationServant_impl(): started/finished
2025/07/11  10:52:53.303  [TRACE]   MrAcqSimulationPlugin: Plugin::init(): return true
2025/07/11  10:52:53.303  [TRACE]   MrAcqSimulationPlugin: Plugin::afterStart(): started
2025/07/11  10:52:53.303  [TRACE]   MrAcqSimulationPlugin: Plugin::afterStart(): return true
2025/07/11  10:52:53.304  [INFO]    MxiAcqRecoPlugin: Plugin::init(): run 'gsauto -psMode 65 -prototypeMode 0 -adjName Receiver Gain -procnoPath /opt/PV-360.3.5/data/cristina/20250711_084756_Toi_dMRS_20250711_RatFem_dSPECIAL_dMRI_1_4/34/pdata/1 -serverName MxiAcqReco_2.16.756.5.5.200.8323328.1372159.1752223718.1910_866307_466516442_65 -logSeverityLevel SL_INFO ')
2025/07/11  10:52:53.412  [INFO]    MxiAcqRecoPlugin: AcqClient::getMessageCorba(): return 1. Message kind 'Show_status': pulse program in compilation
2025/07/11  10:52:54.891  [INFO]    MxiAcqRecoPlugin: AcqClient::getMessageCorba(): return 1. Message kind 'Show_status': loading TRX2
2025/07/11  10:52:54.897  [INFO]    MxiAcqRecoPlugin: AcqClient::getMessageCorba(): return 1. Message kind 'Show_status': loading TRX3
2025/07/11  10:52:54.901  [INFO]    MxiAcqRecoPlugin: AcqClient::getMessageCorba(): return 1. Message kind 'Show_status': loading TRX4
2025/07/11  10:52:54.905  [INFO]    MxiAcqRecoPlugin: AcqClient::getMessageCorba(): return 1. Message kind 'Show_status': loading TRX5
2025/07/11  10:52:54.907  [INFO]    MxiAcqRecoPlugin: AcqClient::getMessageCorba(): return 1. Message kind 'Show_status': loading TRX6
2025/07/11  10:52:54.910  [INFO]    MxiAcqRecoPlugin: AcqClient::getMessageCorba(): return 1. Message kind 'Show_status': loading TRX7
2025/07/11  10:52:55.260  [INFO]    MxiAcqRecoPlugin: AcqClient::getMessageCorba(): return 1. Message kind 'Show_status': prepare Gradients for Gradient Controller
2025/07/11  10:52:56.076  [INFO]    MxiAcqRecoPlugin: AcqClient::getMessageCorba(): return 1. Message kind 'Show_status': Loading AQS Rack
2025/07/11  10:52:56.079  [INFO]    MxiAcqRecoPlugin: AcqClient::getMessageCorba(): return 1. Message kind 'Show_status': Load GTU and TRX
2025/07/11  10:52:56.216  [INFO]    MxiAcqRecoPlugin: AcqClient::getMessageCorba(): return 1. Message kind 'Show_status': Start GTU and TRX
2025/07/11  10:52:56.359  [INFO]    MxiAcqRecoPlugin: AcqClient::getMessageCorba(): return 1. Message kind 'Show_status': automatic adjustment in progress
2025/07/11  10:53:00.542  [INFO]    MxiAcqRecoPlugin: AcqClient::getMessageCorba(): return 1. Message kind 'Sendgui': statusparsmodified
2025/07/11  10:53:00.543  [INFO]    MxiAcqRecoPlugin: AcqClient::getMessageCorba(): return 1. Message kind 'Sendgui': statusparsmodified
2025/07/11  10:53:00.545  [INFO]    MxiAcqRecoPlugin: AcqClient::getMessageCorba(): return 1. Message kind 'Sendgui': statusparsmodified
2025/07/11  10:53:00.546  [INFO]    MxiAcqRecoPlugin: AcqClient::getMessageCorba(): return 1. Message kind 'Sendgui': statusparsmodified
2025/07/11  10:53:00.865  [INFO]    MxiAcqRecoPlugin: AcqClient::getMessageCorba(): return 1. Message kind 'Show_status': acquisition  finished 
2025/07/11  10:53:00.866  [INFO]    MxiAcqRecoPlugin: AcqClient::getMessageCorba(): return 0. Message kind 'TerminateNormal': 
2025/07/11  10:53:00.873  [INFO]    MxiAcqRecoPlugin: Plugin::beforeStop(): finished
2025/07/11  10:53:00.875  [TRACE]   MrAcqSimulationPlugin: Plugin::beforeStop(): started
2025/07/11  10:53:00.875  [TRACE]   MrAcqSimulationPlugin: Plugin::beforeStop(): return true
2025/07/11  10:53:00.876  [TRACE]   MrAcqSimulationPlugin: SimulationServant_impl::~SimulationServant_impl(): started/finished
2025/07/11  10:53:01.159  [TRACE]   MrAcqSimulationPlugin: Plugin::init(): started
2025/07/11  10:53:01.159  [TRACE]   MrAcqSimulationPlugin: SimulationServant_impl::SimulationServant_impl(): started/finished
2025/07/11  10:53:01.159  [TRACE]   MrAcqSimulationPlugin: Plugin::init(): return true
2025/07/11  10:53:01.160  [TRACE]   MrAcqSimulationPlugin: Plugin::afterStart(): started
2025/07/11  10:53:01.160  [TRACE]   MrAcqSimulationPlugin: Plugin::afterStart(): return true
2025/07/11  10:53:01.160  [INFO]    MxiAcqRecoPlugin: Plugin::init(): run 'gop -psMode 65 -prototypeMode 0 -procnoPath /opt/PV-360.3.5/data/cristina/20250711_084756_Toi_dMRS_20250711_RatFem_dSPECIAL_dMRI_1_4/34/pdata/1 -serverName MxiAcqReco_2.16.756.5.5.200.8323328.1372159.1752223718.1910_866307_466516442_65 -logSeverityLevel SL_INFO ')
2025/07/11  10:53:01.276  [INFO]    MxiAcqRecoPlugin: AcqClient::getMessageCorba(): return 1. Message kind 'Show_status': pulse program in compilation
2025/07/11  10:53:02.737  [INFO]    MxiAcqRecoPlugin: AcqClient::getMessageCorba(): return 1. Message kind 'Show_status': loading TRX2
2025/07/11  10:53:02.742  [INFO]    MxiAcqRecoPlugin: AcqClient::getMessageCorba(): return 1. Message kind 'Show_status': loading TRX3
2025/07/11  10:53:02.746  [INFO]    MxiAcqRecoPlugin: AcqClient::getMessageCorba(): return 1. Message kind 'Show_status': loading TRX4
2025/07/11  10:53:02.750  [INFO]    MxiAcqRecoPlugin: AcqClient::getMessageCorba(): return 1. Message kind 'Show_status': loading TRX5
2025/07/11  10:53:02.752  [INFO]    MxiAcqRecoPlugin: AcqClient::getMessageCorba(): return 1. Message kind 'Show_status': loading TRX6
2025/07/11  10:53:02.755  [INFO]    MxiAcqRecoPlugin: AcqClient::getMessageCorba(): return 1. Message kind 'Show_status': loading TRX7
2025/07/11  10:53:03.127  [INFO]    MxiAcqRecoPlugin: AcqClient::getMessageCorba(): return 1. Message kind 'Show_status': prepare Gradients for Gradient Controller
2025/07/11  10:53:03.934  [INFO]    MxiAcqRecoPlugin: AcqClient::getMessageCorba(): return 1. Message kind 'Show_status': Loading AQS Rack
2025/07/11  10:53:03.937  [INFO]    MxiAcqRecoPlugin: AcqClient::getMessageCorba(): return 1. Message kind 'Show_status': Load GTU and TRX
2025/07/11  10:53:04.076  [INFO]    MxiAcqRecoPlugin: AcqClient::getMessageCorba(): return 1. Message kind 'Show_status': Start GTU and TRX
2025/07/11  10:53:04.230  [INFO]    MxiAcqRecoPlugin: AcqClient::getMessageCorba(): return 1. Message kind 'Show_status': acquisition in progress
2025/07/11  10:53:14.231  [INFO]    MxiAcqRecoPlugin: AcqClient::getMessageCorba(): return 1. Message kind 'Empty': 
2025/07/11  10:53:24.232  [INFO]    MxiAcqRecoPlugin: AcqClient::getMessageCorba(): return 1. Message kind 'Empty': 
2025/07/11  10:53:34.233  [INFO]    MxiAcqRecoPlugin: AcqClient::getMessageCorba(): return 1. Message kind 'Empty': 
2025/07/11  10:53:40.424  [INFO]    MxiAcqRecoPlugin: AcqClient::getMessageCorba(): return 1. Message kind 'Sendgui': statusparsmodified
2025/07/11  10:53:40.425  [INFO]    MxiAcqRecoPlugin: AcqClient::getMessageCorba(): return 1. Message kind 'Sendgui': statusparsmodified
2025/07/11  10:53:40.427  [INFO]    MxiAcqRecoPlugin: AcqClient::getMessageCorba(): return 1. Message kind 'Sendgui': statusparsmodified
2025/07/11  10:53:40.429  [INFO]    MxiAcqRecoPlugin: AcqClient::getMessageCorba(): return 1. Message kind 'Sendgui': statusparsmodified
2025/07/11  10:53:40.632  [INFO]    MxiAcqRecoPlugin: AcqClient::getMessageCorba(): return 1. Message kind 'Show_status': acquisition  finished 
2025/07/11  10:53:40.638  [INFO]    MxiAcqRecoPlugin: AcqClient::getMessageCorba(): return 0. Message kind 'TerminateNormal': 
2025/07/11  10:53:40.640  [WARNING] MxiAcqRecoPlugin: Manager::waitForFinish(): shouldRunThread not finished. Waiting ... 
2025/07/11  10:53:40.641  [WARNING] MxiAcqRecoPlugin: Manager::waitForFinish(): ... done
2025/07/11  10:53:40.643  [INFO]    MxiAcqRecoPlugin: Plugin::beforeStop(): finished
2025/07/11  10:53:40.644  [TRACE]   MrAcqSimulationPlugin: Plugin::beforeStop(): started
2025/07/11  10:53:40.644  [TRACE]   MrAcqSimulationPlugin: Plugin::beforeStop(): return true
2025/07/11  10:53:40.645  [TRACE]   MrAcqSimulationPlugin: SimulationServant_impl::~SimulationServant_impl(): started/finished
