2025/03/19  13:34:07.321  [TRACE]   MrAcqSimulationPlugin: Plugin::init(): started
2025/03/19  13:34:07.321  [TRACE]   MrAcqSimulationPlugin: SimulationServant_impl::SimulationServant_impl(): started/finished
2025/03/19  13:34:07.321  [TRACE]   MrAcqSimulationPlugin: Plugin::init(): return true
2025/03/19  13:34:07.322  [TRACE]   MrAcqSimulationPlugin: Plugin::afterStart(): started
2025/03/19  13:34:07.322  [TRACE]   MrAcqSimulationPlugin: Plugin::afterStart(): return true
2025/03/19  13:34:07.322  [INFO]    MxiAcqRecoPlugin: Plugin::init(): run 'gsauto -psMode 65 -prototypeMode 0 -adjName Receiver Gain -procnoPath /opt/PV-360.3.5/data/cristina/20250319_095657_20250319_BDL821_SHAM_male__w6_MRSI_SVS_20250319_BDL821_SHAM_male__w6_MRSI_SVS_1_1/20/pdata/1 -serverName MxiAcqReco_2.16.756.5.5.200.8323328.108729.1742379778.1374_866307_33144948212_65 -logSeverityLevel SL_INFO ')
2025/03/19  13:34:07.418  [INFO]    MxiAcqRecoPlugin: AcqClient::getMessageCorba(): return 1. Message kind 'Show_status': pulse program in compilation
2025/03/19  13:34:09.106  [INFO]    MxiAcqRecoPlugin: AcqClient::getMessageCorba(): return 1. Message kind 'Show_status': loading TRX2
2025/03/19  13:34:09.111  [INFO]    MxiAcqRecoPlugin: AcqClient::getMessageCorba(): return 1. Message kind 'Show_status': loading TRX3
2025/03/19  13:34:09.115  [INFO]    MxiAcqRecoPlugin: AcqClient::getMessageCorba(): return 1. Message kind 'Show_status': loading TRX4
2025/03/19  13:34:09.119  [INFO]    MxiAcqRecoPlugin: AcqClient::getMessageCorba(): return 1. Message kind 'Show_status': loading TRX5
2025/03/19  13:34:09.121  [INFO]    MxiAcqRecoPlugin: AcqClient::getMessageCorba(): return 1. Message kind 'Show_status': loading TRX6
2025/03/19  13:34:09.124  [INFO]    MxiAcqRecoPlugin: AcqClient::getMessageCorba(): return 1. Message kind 'Show_status': loading TRX7
2025/03/19  13:34:09.333  [INFO]    MxiAcqRecoPlugin: AcqClient::getMessageCorba(): return 1. Message kind 'Show_status': prepare Gradients for Gradient Controller
2025/03/19  13:34:10.119  [INFO]    MxiAcqRecoPlugin: AcqClient::getMessageCorba(): return 1. Message kind 'Show_status': Loading AQS Rack
2025/03/19  13:34:10.122  [INFO]    MxiAcqRecoPlugin: AcqClient::getMessageCorba(): return 1. Message kind 'Show_status': Load GTU and TRX
2025/03/19  13:34:10.258  [INFO]    MxiAcqRecoPlugin: AcqClient::getMessageCorba(): return 1. Message kind 'Show_status': Start GTU and TRX
2025/03/19  13:34:10.393  [INFO]    MxiAcqRecoPlugin: AcqClient::getMessageCorba(): return 1. Message kind 'Show_status': automatic adjustment in progress
2025/03/19  13:34:20.394  [INFO]    MxiAcqRecoPlugin: AcqClient::getMessageCorba(): return 1. Message kind 'Empty': 
2025/03/19  13:34:30.395  [INFO]    MxiAcqRecoPlugin: AcqClient::getMessageCorba(): return 1. Message kind 'Empty': 
2025/03/19  13:34:34.547  [INFO]    MxiAcqRecoPlugin: AcqClient::getMessageCorba(): return 1. Message kind 'Sendgui': statusparsmodified
2025/03/19  13:34:34.549  [INFO]    MxiAcqRecoPlugin: AcqClient::getMessageCorba(): return 1. Message kind 'Sendgui': statusparsmodified
2025/03/19  13:34:34.550  [INFO]    MxiAcqRecoPlugin: AcqClient::getMessageCorba(): return 1. Message kind 'Sendgui': statusparsmodified
2025/03/19  13:34:34.552  [INFO]    MxiAcqRecoPlugin: AcqClient::getMessageCorba(): return 1. Message kind 'Sendgui': statusparsmodified
2025/03/19  13:34:34.768  [INFO]    MxiAcqRecoPlugin: AcqClient::getMessageCorba(): return 1. Message kind 'Show_status': acquisition  finished 
2025/03/19  13:34:34.770  [INFO]    MxiAcqRecoPlugin: AcqClient::getMessageCorba(): return 0. Message kind 'TerminateNormal': 
2025/03/19  13:34:34.775  [INFO]    MxiAcqRecoPlugin: Plugin::beforeStop(): finished
2025/03/19  13:34:34.777  [TRACE]   MrAcqSimulationPlugin: Plugin::beforeStop(): started
2025/03/19  13:34:34.777  [TRACE]   MrAcqSimulationPlugin: Plugin::beforeStop(): return true
2025/03/19  13:34:34.777  [TRACE]   MrAcqSimulationPlugin: SimulationServant_impl::~SimulationServant_impl(): started/finished
2025/03/19  13:34:35.109  [TRACE]   MrAcqSimulationPlugin: Plugin::init(): started
2025/03/19  13:34:35.109  [TRACE]   MrAcqSimulationPlugin: SimulationServant_impl::SimulationServant_impl(): started/finished
2025/03/19  13:34:35.109  [TRACE]   MrAcqSimulationPlugin: Plugin::init(): return true
2025/03/19  13:34:35.109  [TRACE]   MrAcqSimulationPlugin: Plugin::afterStart(): started
2025/03/19  13:34:35.109  [TRACE]   MrAcqSimulationPlugin: Plugin::afterStart(): return true
2025/03/19  13:34:35.109  [INFO]    MxiAcqRecoPlugin: Plugin::init(): run 'gop -psMode 65 -prototypeMode 0 -procnoPath /opt/PV-360.3.5/data/cristina/20250319_095657_20250319_BDL821_SHAM_male__w6_MRSI_SVS_20250319_BDL821_SHAM_male__w6_MRSI_SVS_1_1/20/pdata/1 -serverName MxiAcqReco_2.16.756.5.5.200.8323328.108729.1742379778.1374_866307_33144948212_65 -logSeverityLevel SL_INFO ')
2025/03/19  13:34:35.211  [INFO]    MxiAcqRecoPlugin: AcqClient::getMessageCorba(): return 1. Message kind 'Show_status': pulse program in compilation
2025/03/19  13:34:36.898  [INFO]    MxiAcqRecoPlugin: AcqClient::getMessageCorba(): return 1. Message kind 'Show_status': loading TRX2
2025/03/19  13:34:36.903  [INFO]    MxiAcqRecoPlugin: AcqClient::getMessageCorba(): return 1. Message kind 'Show_status': loading TRX3
2025/03/19  13:34:36.908  [INFO]    MxiAcqRecoPlugin: AcqClient::getMessageCorba(): return 1. Message kind 'Show_status': loading TRX4
2025/03/19  13:34:36.912  [INFO]    MxiAcqRecoPlugin: AcqClient::getMessageCorba(): return 1. Message kind 'Show_status': loading TRX5
2025/03/19  13:34:36.915  [INFO]    MxiAcqRecoPlugin: AcqClient::getMessageCorba(): return 1. Message kind 'Show_status': loading TRX6
2025/03/19  13:34:36.917  [INFO]    MxiAcqRecoPlugin: AcqClient::getMessageCorba(): return 1. Message kind 'Show_status': loading TRX7
2025/03/19  13:34:37.125  [INFO]    MxiAcqRecoPlugin: AcqClient::getMessageCorba(): return 1. Message kind 'Show_status': prepare Gradients for Gradient Controller
2025/03/19  13:34:37.914  [INFO]    MxiAcqRecoPlugin: AcqClient::getMessageCorba(): return 1. Message kind 'Show_status': Loading AQS Rack
2025/03/19  13:34:37.917  [INFO]    MxiAcqRecoPlugin: AcqClient::getMessageCorba(): return 1. Message kind 'Show_status': Load GTU and TRX
2025/03/19  13:34:38.048  [INFO]    MxiAcqRecoPlugin: AcqClient::getMessageCorba(): return 1. Message kind 'Show_status': Start GTU and TRX
2025/03/19  13:34:38.183  [INFO]    MxiAcqRecoPlugin: AcqClient::getMessageCorba(): return 1. Message kind 'Show_status': acquisition in progress
2025/03/19  13:34:48.183  [INFO]    MxiAcqRecoPlugin: AcqClient::getMessageCorba(): return 1. Message kind 'Empty': 
2025/03/19  13:34:58.184  [INFO]    MxiAcqRecoPlugin: AcqClient::getMessageCorba(): return 1. Message kind 'Empty': 
2025/03/19  13:35:08.186  [INFO]    MxiAcqRecoPlugin: AcqClient::getMessageCorba(): return 1. Message kind 'Empty': 
2025/03/19  13:35:18.187  [INFO]    MxiAcqRecoPlugin: AcqClient::getMessageCorba(): return 1. Message kind 'Empty': 
2025/03/19  13:35:28.188  [INFO]    MxiAcqRecoPlugin: AcqClient::getMessageCorba(): return 1. Message kind 'Empty': 
2025/03/19  13:35:38.189  [INFO]    MxiAcqRecoPlugin: AcqClient::getMessageCorba(): return 1. Message kind 'Empty': 
2025/03/19  13:35:48.189  [INFO]    MxiAcqRecoPlugin: AcqClient::getMessageCorba(): return 1. Message kind 'Empty': 
2025/03/19  13:35:58.190  [INFO]    MxiAcqRecoPlugin: AcqClient::getMessageCorba(): return 1. Message kind 'Empty': 
2025/03/19  13:36:08.191  [INFO]    MxiAcqRecoPlugin: AcqClient::getMessageCorba(): return 1. Message kind 'Empty': 
2025/03/19  13:36:18.192  [INFO]    MxiAcqRecoPlugin: AcqClient::getMessageCorba(): return 1. Message kind 'Empty': 
2025/03/19  13:36:28.193  [INFO]    MxiAcqRecoPlugin: AcqClient::getMessageCorba(): return 1. Message kind 'Empty': 
2025/03/19  13:36:38.194  [INFO]    MxiAcqRecoPlugin: AcqClient::getMessageCorba(): return 1. Message kind 'Empty': 
2025/03/19  13:36:48.195  [INFO]    MxiAcqRecoPlugin: AcqClient::getMessageCorba(): return 1. Message kind 'Empty': 
2025/03/19  13:36:58.196  [INFO]    MxiAcqRecoPlugin: AcqClient::getMessageCorba(): return 1. Message kind 'Empty': 
2025/03/19  13:37:08.197  [INFO]    MxiAcqRecoPlugin: AcqClient::getMessageCorba(): return 1. Message kind 'Empty': 
2025/03/19  13:37:18.198  [INFO]    MxiAcqRecoPlugin: AcqClient::getMessageCorba(): return 1. Message kind 'Empty': 
2025/03/19  13:37:28.199  [INFO]    MxiAcqRecoPlugin: AcqClient::getMessageCorba(): return 1. Message kind 'Empty': 
2025/03/19  13:37:38.200  [INFO]    MxiAcqRecoPlugin: AcqClient::getMessageCorba(): return 1. Message kind 'Empty': 
2025/03/19  13:37:48.201  [INFO]    MxiAcqRecoPlugin: AcqClient::getMessageCorba(): return 1. Message kind 'Empty': 
2025/03/19  13:37:58.202  [INFO]    MxiAcqRecoPlugin: AcqClient::getMessageCorba(): return 1. Message kind 'Empty': 
2025/03/19  13:38:08.203  [INFO]    MxiAcqRecoPlugin: AcqClient::getMessageCorba(): return 1. Message kind 'Empty': 
2025/03/19  13:38:18.204  [INFO]    MxiAcqRecoPlugin: AcqClient::getMessageCorba(): return 1. Message kind 'Empty': 
2025/03/19  13:38:28.205  [INFO]    MxiAcqRecoPlugin: AcqClient::getMessageCorba(): return 1. Message kind 'Empty': 
2025/03/19  13:38:38.206  [INFO]    MxiAcqRecoPlugin: AcqClient::getMessageCorba(): return 1. Message kind 'Empty': 
2025/03/19  13:38:48.207  [INFO]    MxiAcqRecoPlugin: AcqClient::getMessageCorba(): return 1. Message kind 'Empty': 
2025/03/19  13:38:58.208  [INFO]    MxiAcqRecoPlugin: AcqClient::getMessageCorba(): return 1. Message kind 'Empty': 
2025/03/19  13:39:08.209  [INFO]    MxiAcqRecoPlugin: AcqClient::getMessageCorba(): return 1. Message kind 'Empty': 
2025/03/19  13:39:18.210  [INFO]    MxiAcqRecoPlugin: AcqClient::getMessageCorba(): return 1. Message kind 'Empty': 
2025/03/19  13:39:28.212  [INFO]    MxiAcqRecoPlugin: AcqClient::getMessageCorba(): return 1. Message kind 'Empty': 
2025/03/19  13:39:38.213  [INFO]    MxiAcqRecoPlugin: AcqClient::getMessageCorba(): return 1. Message kind 'Empty': 
2025/03/19  13:39:48.213  [INFO]    MxiAcqRecoPlugin: AcqClient::getMessageCorba(): return 1. Message kind 'Empty': 
2025/03/19  13:39:58.214  [INFO]    MxiAcqRecoPlugin: AcqClient::getMessageCorba(): return 1. Message kind 'Empty': 
2025/03/19  13:40:08.215  [INFO]    MxiAcqRecoPlugin: AcqClient::getMessageCorba(): return 1. Message kind 'Empty': 
2025/03/19  13:40:18.216  [INFO]    MxiAcqRecoPlugin: AcqClient::getMessageCorba(): return 1. Message kind 'Empty': 
2025/03/19  13:40:28.218  [INFO]    MxiAcqRecoPlugin: AcqClient::getMessageCorba(): return 1. Message kind 'Empty': 
2025/03/19  13:40:38.219  [INFO]    MxiAcqRecoPlugin: AcqClient::getMessageCorba(): return 1. Message kind 'Empty': 
2025/03/19  13:40:48.220  [INFO]    MxiAcqRecoPlugin: AcqClient::getMessageCorba(): return 1. Message kind 'Empty': 
2025/03/19  13:40:58.221  [INFO]    MxiAcqRecoPlugin: AcqClient::getMessageCorba(): return 1. Message kind 'Empty': 
2025/03/19  13:41:08.222  [INFO]    MxiAcqRecoPlugin: AcqClient::getMessageCorba(): return 1. Message kind 'Empty': 
2025/03/19  13:41:18.223  [INFO]    MxiAcqRecoPlugin: AcqClient::getMessageCorba(): return 1. Message kind 'Empty': 
2025/03/19  13:41:28.224  [INFO]    MxiAcqRecoPlugin: AcqClient::getMessageCorba(): return 1. Message kind 'Empty': 
2025/03/19  13:41:38.225  [INFO]    MxiAcqRecoPlugin: AcqClient::getMessageCorba(): return 1. Message kind 'Empty': 
2025/03/19  13:41:48.226  [INFO]    MxiAcqRecoPlugin: AcqClient::getMessageCorba(): return 1. Message kind 'Empty': 
2025/03/19  13:41:58.227  [INFO]    MxiAcqRecoPlugin: AcqClient::getMessageCorba(): return 1. Message kind 'Empty': 
2025/03/19  13:42:08.228  [INFO]    MxiAcqRecoPlugin: AcqClient::getMessageCorba(): return 1. Message kind 'Empty': 
2025/03/19  13:42:18.230  [INFO]    MxiAcqRecoPlugin: AcqClient::getMessageCorba(): return 1. Message kind 'Empty': 
2025/03/19  13:42:28.231  [INFO]    MxiAcqRecoPlugin: AcqClient::getMessageCorba(): return 1. Message kind 'Empty': 
2025/03/19  13:42:38.232  [INFO]    MxiAcqRecoPlugin: AcqClient::getMessageCorba(): return 1. Message kind 'Empty': 
2025/03/19  13:42:48.233  [INFO]    MxiAcqRecoPlugin: AcqClient::getMessageCorba(): return 1. Message kind 'Empty': 
2025/03/19  13:42:58.237  [INFO]    MxiAcqRecoPlugin: AcqClient::getMessageCorba(): return 1. Message kind 'Empty': 
2025/03/19  13:43:08.238  [INFO]    MxiAcqRecoPlugin: AcqClient::getMessageCorba(): return 1. Message kind 'Empty': 
2025/03/19  13:43:18.239  [INFO]    MxiAcqRecoPlugin: AcqClient::getMessageCorba(): return 1. Message kind 'Empty': 
2025/03/19  13:43:28.240  [INFO]    MxiAcqRecoPlugin: AcqClient::getMessageCorba(): return 1. Message kind 'Empty': 
2025/03/19  13:43:38.241  [INFO]    MxiAcqRecoPlugin: AcqClient::getMessageCorba(): return 1. Message kind 'Empty': 
2025/03/19  13:43:48.242  [INFO]    MxiAcqRecoPlugin: AcqClient::getMessageCorba(): return 1. Message kind 'Empty': 
2025/03/19  13:43:58.243  [INFO]    MxiAcqRecoPlugin: AcqClient::getMessageCorba(): return 1. Message kind 'Empty': 
2025/03/19  13:44:08.245  [INFO]    MxiAcqRecoPlugin: AcqClient::getMessageCorba(): return 1. Message kind 'Empty': 
2025/03/19  13:44:18.246  [INFO]    MxiAcqRecoPlugin: AcqClient::getMessageCorba(): return 1. Message kind 'Empty': 
2025/03/19  13:44:28.247  [INFO]    MxiAcqRecoPlugin: AcqClient::getMessageCorba(): return 1. Message kind 'Empty': 
2025/03/19  13:44:38.248  [INFO]    MxiAcqRecoPlugin: AcqClient::getMessageCorba(): return 1. Message kind 'Empty': 
2025/03/19  13:44:48.249  [INFO]    MxiAcqRecoPlugin: AcqClient::getMessageCorba(): return 1. Message kind 'Empty': 
2025/03/19  13:44:58.250  [INFO]    MxiAcqRecoPlugin: AcqClient::getMessageCorba(): return 1. Message kind 'Empty': 
2025/03/19  13:45:08.251  [INFO]    MxiAcqRecoPlugin: AcqClient::getMessageCorba(): return 1. Message kind 'Empty': 
2025/03/19  13:45:18.252  [INFO]    MxiAcqRecoPlugin: AcqClient::getMessageCorba(): return 1. Message kind 'Empty': 
2025/03/19  13:45:28.253  [INFO]    MxiAcqRecoPlugin: AcqClient::getMessageCorba(): return 1. Message kind 'Empty': 
2025/03/19  13:45:38.254  [INFO]    MxiAcqRecoPlugin: AcqClient::getMessageCorba(): return 1. Message kind 'Empty': 
2025/03/19  13:45:48.255  [INFO]    MxiAcqRecoPlugin: AcqClient::getMessageCorba(): return 1. Message kind 'Empty': 
2025/03/19  13:45:58.256  [INFO]    MxiAcqRecoPlugin: AcqClient::getMessageCorba(): return 1. Message kind 'Empty': 
2025/03/19  13:46:08.257  [INFO]    MxiAcqRecoPlugin: AcqClient::getMessageCorba(): return 1. Message kind 'Empty': 
2025/03/19  13:46:18.258  [INFO]    MxiAcqRecoPlugin: AcqClient::getMessageCorba(): return 1. Message kind 'Empty': 
2025/03/19  13:46:28.260  [INFO]    MxiAcqRecoPlugin: AcqClient::getMessageCorba(): return 1. Message kind 'Empty': 
2025/03/19  13:46:38.261  [INFO]    MxiAcqRecoPlugin: AcqClient::getMessageCorba(): return 1. Message kind 'Empty': 
2025/03/19  13:46:48.262  [INFO]    MxiAcqRecoPlugin: AcqClient::getMessageCorba(): return 1. Message kind 'Empty': 
2025/03/19  13:46:58.263  [INFO]    MxiAcqRecoPlugin: AcqClient::getMessageCorba(): return 1. Message kind 'Empty': 
2025/03/19  13:47:08.264  [INFO]    MxiAcqRecoPlugin: AcqClient::getMessageCorba(): return 1. Message kind 'Empty': 
2025/03/19  13:47:18.265  [INFO]    MxiAcqRecoPlugin: AcqClient::getMessageCorba(): return 1. Message kind 'Empty': 
2025/03/19  13:47:28.266  [INFO]    MxiAcqRecoPlugin: AcqClient::getMessageCorba(): return 1. Message kind 'Empty': 
2025/03/19  13:47:38.268  [INFO]    MxiAcqRecoPlugin: AcqClient::getMessageCorba(): return 1. Message kind 'Empty': 
2025/03/19  13:47:48.269  [INFO]    MxiAcqRecoPlugin: AcqClient::getMessageCorba(): return 1. Message kind 'Empty': 
2025/03/19  13:47:58.270  [INFO]    MxiAcqRecoPlugin: AcqClient::getMessageCorba(): return 1. Message kind 'Empty': 
2025/03/19  13:48:08.271  [INFO]    MxiAcqRecoPlugin: AcqClient::getMessageCorba(): return 1. Message kind 'Empty': 
2025/03/19  13:48:18.272  [INFO]    MxiAcqRecoPlugin: AcqClient::getMessageCorba(): return 1. Message kind 'Empty': 
2025/03/19  13:48:28.273  [INFO]    MxiAcqRecoPlugin: AcqClient::getMessageCorba(): return 1. Message kind 'Empty': 
2025/03/19  13:48:38.274  [INFO]    MxiAcqRecoPlugin: AcqClient::getMessageCorba(): return 1. Message kind 'Empty': 
2025/03/19  13:48:48.275  [INFO]    MxiAcqRecoPlugin: AcqClient::getMessageCorba(): return 1. Message kind 'Empty': 
2025/03/19  13:48:58.276  [INFO]    MxiAcqRecoPlugin: AcqClient::getMessageCorba(): return 1. Message kind 'Empty': 
2025/03/19  13:49:08.277  [INFO]    MxiAcqRecoPlugin: AcqClient::getMessageCorba(): return 1. Message kind 'Empty': 
2025/03/19  13:49:18.278  [INFO]    MxiAcqRecoPlugin: AcqClient::getMessageCorba(): return 1. Message kind 'Empty': 
2025/03/19  13:49:28.279  [INFO]    MxiAcqRecoPlugin: AcqClient::getMessageCorba(): return 1. Message kind 'Empty': 
2025/03/19  13:49:38.280  [INFO]    MxiAcqRecoPlugin: AcqClient::getMessageCorba(): return 1. Message kind 'Empty': 
2025/03/19  13:49:48.281  [INFO]    MxiAcqRecoPlugin: AcqClient::getMessageCorba(): return 1. Message kind 'Empty': 
2025/03/19  13:49:58.282  [INFO]    MxiAcqRecoPlugin: AcqClient::getMessageCorba(): return 1. Message kind 'Empty': 
2025/03/19  13:50:08.283  [INFO]    MxiAcqRecoPlugin: AcqClient::getMessageCorba(): return 1. Message kind 'Empty': 
2025/03/19  13:50:18.284  [INFO]    MxiAcqRecoPlugin: AcqClient::getMessageCorba(): return 1. Message kind 'Empty': 
2025/03/19  13:50:28.285  [INFO]    MxiAcqRecoPlugin: AcqClient::getMessageCorba(): return 1. Message kind 'Empty': 
2025/03/19  13:50:38.286  [INFO]    MxiAcqRecoPlugin: AcqClient::getMessageCorba(): return 1. Message kind 'Empty': 
2025/03/19  13:50:48.287  [INFO]    MxiAcqRecoPlugin: AcqClient::getMessageCorba(): return 1. Message kind 'Empty': 
2025/03/19  13:50:58.288  [INFO]    MxiAcqRecoPlugin: AcqClient::getMessageCorba(): return 1. Message kind 'Empty': 
2025/03/19  13:51:08.289  [INFO]    MxiAcqRecoPlugin: AcqClient::getMessageCorba(): return 1. Message kind 'Empty': 
2025/03/19  13:51:18.290  [INFO]    MxiAcqRecoPlugin: AcqClient::getMessageCorba(): return 1. Message kind 'Empty': 
2025/03/19  13:51:28.291  [INFO]    MxiAcqRecoPlugin: AcqClient::getMessageCorba(): return 1. Message kind 'Empty': 
2025/03/19  13:51:38.292  [INFO]    MxiAcqRecoPlugin: AcqClient::getMessageCorba(): return 1. Message kind 'Empty': 
2025/03/19  13:51:48.293  [INFO]    MxiAcqRecoPlugin: AcqClient::getMessageCorba(): return 1. Message kind 'Empty': 
2025/03/19  13:51:58.294  [INFO]    MxiAcqRecoPlugin: AcqClient::getMessageCorba(): return 1. Message kind 'Empty': 
2025/03/19  13:52:08.295  [INFO]    MxiAcqRecoPlugin: AcqClient::getMessageCorba(): return 1. Message kind 'Empty': 
2025/03/19  13:52:18.296  [INFO]    MxiAcqRecoPlugin: AcqClient::getMessageCorba(): return 1. Message kind 'Empty': 
2025/03/19  13:52:28.297  [INFO]    MxiAcqRecoPlugin: AcqClient::getMessageCorba(): return 1. Message kind 'Empty': 
2025/03/19  13:52:38.298  [INFO]    MxiAcqRecoPlugin: AcqClient::getMessageCorba(): return 1. Message kind 'Empty': 
2025/03/19  13:52:48.299  [INFO]    MxiAcqRecoPlugin: AcqClient::getMessageCorba(): return 1. Message kind 'Empty': 
2025/03/19  13:52:58.300  [INFO]    MxiAcqRecoPlugin: AcqClient::getMessageCorba(): return 1. Message kind 'Empty': 
2025/03/19  13:53:08.301  [INFO]    MxiAcqRecoPlugin: AcqClient::getMessageCorba(): return 1. Message kind 'Empty': 
2025/03/19  13:53:18.302  [INFO]    MxiAcqRecoPlugin: AcqClient::getMessageCorba(): return 1. Message kind 'Empty': 
2025/03/19  13:53:28.303  [INFO]    MxiAcqRecoPlugin: AcqClient::getMessageCorba(): return 1. Message kind 'Empty': 
2025/03/19  13:53:38.304  [INFO]    MxiAcqRecoPlugin: AcqClient::getMessageCorba(): return 1. Message kind 'Empty': 
2025/03/19  13:53:48.305  [INFO]    MxiAcqRecoPlugin: AcqClient::getMessageCorba(): return 1. Message kind 'Empty': 
2025/03/19  13:53:58.306  [INFO]    MxiAcqRecoPlugin: AcqClient::getMessageCorba(): return 1. Message kind 'Empty': 
2025/03/19  13:54:08.307  [INFO]    MxiAcqRecoPlugin: AcqClient::getMessageCorba(): return 1. Message kind 'Empty': 
2025/03/19  13:54:18.308  [INFO]    MxiAcqRecoPlugin: AcqClient::getMessageCorba(): return 1. Message kind 'Empty': 
2025/03/19  13:54:28.317  [INFO]    MxiAcqRecoPlugin: AcqClient::getMessageCorba(): return 1. Message kind 'Empty': 
2025/03/19  13:54:38.318  [INFO]    MxiAcqRecoPlugin: AcqClient::getMessageCorba(): return 1. Message kind 'Empty': 
2025/03/19  13:54:48.319  [INFO]    MxiAcqRecoPlugin: AcqClient::getMessageCorba(): return 1. Message kind 'Empty': 
2025/03/19  13:54:58.320  [INFO]    MxiAcqRecoPlugin: AcqClient::getMessageCorba(): return 1. Message kind 'Empty': 
2025/03/19  13:55:08.321  [INFO]    MxiAcqRecoPlugin: AcqClient::getMessageCorba(): return 1. Message kind 'Empty': 
2025/03/19  13:55:18.322  [INFO]    MxiAcqRecoPlugin: AcqClient::getMessageCorba(): return 1. Message kind 'Empty': 
2025/03/19  13:55:28.323  [INFO]    MxiAcqRecoPlugin: AcqClient::getMessageCorba(): return 1. Message kind 'Empty': 
2025/03/19  13:55:38.324  [INFO]    MxiAcqRecoPlugin: AcqClient::getMessageCorba(): return 1. Message kind 'Empty': 
2025/03/19  13:55:48.325  [INFO]    MxiAcqRecoPlugin: AcqClient::getMessageCorba(): return 1. Message kind 'Empty': 
2025/03/19  13:55:58.326  [INFO]    MxiAcqRecoPlugin: AcqClient::getMessageCorba(): return 1. Message kind 'Empty': 
2025/03/19  13:56:08.327  [INFO]    MxiAcqRecoPlugin: AcqClient::getMessageCorba(): return 1. Message kind 'Empty': 
2025/03/19  13:56:18.328  [INFO]    MxiAcqRecoPlugin: AcqClient::getMessageCorba(): return 1. Message kind 'Empty': 
2025/03/19  13:56:28.329  [INFO]    MxiAcqRecoPlugin: AcqClient::getMessageCorba(): return 1. Message kind 'Empty': 
2025/03/19  13:56:38.330  [INFO]    MxiAcqRecoPlugin: AcqClient::getMessageCorba(): return 1. Message kind 'Empty': 
2025/03/19  13:56:48.331  [INFO]    MxiAcqRecoPlugin: AcqClient::getMessageCorba(): return 1. Message kind 'Empty': 
2025/03/19  13:56:58.331  [INFO]    MxiAcqRecoPlugin: AcqClient::getMessageCorba(): return 1. Message kind 'Empty': 
2025/03/19  13:57:08.332  [INFO]    MxiAcqRecoPlugin: AcqClient::getMessageCorba(): return 1. Message kind 'Empty': 
2025/03/19  13:57:18.333  [INFO]    MxiAcqRecoPlugin: AcqClient::getMessageCorba(): return 1. Message kind 'Empty': 
2025/03/19  13:57:28.335  [INFO]    MxiAcqRecoPlugin: AcqClient::getMessageCorba(): return 1. Message kind 'Empty': 
2025/03/19  13:57:38.336  [INFO]    MxiAcqRecoPlugin: AcqClient::getMessageCorba(): return 1. Message kind 'Empty': 
2025/03/19  13:57:48.337  [INFO]    MxiAcqRecoPlugin: AcqClient::getMessageCorba(): return 1. Message kind 'Empty': 
2025/03/19  13:57:58.338  [INFO]    MxiAcqRecoPlugin: AcqClient::getMessageCorba(): return 1. Message kind 'Empty': 
2025/03/19  13:58:08.339  [INFO]    MxiAcqRecoPlugin: AcqClient::getMessageCorba(): return 1. Message kind 'Empty': 
2025/03/19  13:58:18.340  [INFO]    MxiAcqRecoPlugin: AcqClient::getMessageCorba(): return 1. Message kind 'Empty': 
2025/03/19  13:58:28.341  [INFO]    MxiAcqRecoPlugin: AcqClient::getMessageCorba(): return 1. Message kind 'Empty': 
2025/03/19  13:58:38.342  [INFO]    MxiAcqRecoPlugin: AcqClient::getMessageCorba(): return 1. Message kind 'Empty': 
2025/03/19  13:58:48.343  [INFO]    MxiAcqRecoPlugin: AcqClient::getMessageCorba(): return 1. Message kind 'Empty': 
2025/03/19  13:58:58.344  [INFO]    MxiAcqRecoPlugin: AcqClient::getMessageCorba(): return 1. Message kind 'Empty': 
2025/03/19  13:59:08.346  [INFO]    MxiAcqRecoPlugin: AcqClient::getMessageCorba(): return 1. Message kind 'Empty': 
2025/03/19  13:59:18.347  [INFO]    MxiAcqRecoPlugin: AcqClient::getMessageCorba(): return 1. Message kind 'Empty': 
2025/03/19  13:59:28.348  [INFO]    MxiAcqRecoPlugin: AcqClient::getMessageCorba(): return 1. Message kind 'Empty': 
2025/03/19  13:59:38.349  [INFO]    MxiAcqRecoPlugin: AcqClient::getMessageCorba(): return 1. Message kind 'Empty': 
2025/03/19  13:59:48.350  [INFO]    MxiAcqRecoPlugin: AcqClient::getMessageCorba(): return 1. Message kind 'Empty': 
2025/03/19  13:59:58.351  [INFO]    MxiAcqRecoPlugin: AcqClient::getMessageCorba(): return 1. Message kind 'Empty': 
2025/03/19  14:00:08.352  [INFO]    MxiAcqRecoPlugin: AcqClient::getMessageCorba(): return 1. Message kind 'Empty': 
2025/03/19  14:00:18.354  [INFO]    MxiAcqRecoPlugin: AcqClient::getMessageCorba(): return 1. Message kind 'Empty': 
2025/03/19  14:00:28.355  [INFO]    MxiAcqRecoPlugin: AcqClient::getMessageCorba(): return 1. Message kind 'Empty': 
2025/03/19  14:00:38.356  [INFO]    MxiAcqRecoPlugin: AcqClient::getMessageCorba(): return 1. Message kind 'Empty': 
2025/03/19  14:00:48.357  [INFO]    MxiAcqRecoPlugin: AcqClient::getMessageCorba(): return 1. Message kind 'Empty': 
2025/03/19  14:00:58.358  [INFO]    MxiAcqRecoPlugin: AcqClient::getMessageCorba(): return 1. Message kind 'Empty': 
2025/03/19  14:01:08.359  [INFO]    MxiAcqRecoPlugin: AcqClient::getMessageCorba(): return 1. Message kind 'Empty': 
2025/03/19  14:01:18.360  [INFO]    MxiAcqRecoPlugin: AcqClient::getMessageCorba(): return 1. Message kind 'Empty': 
2025/03/19  14:01:28.361  [INFO]    MxiAcqRecoPlugin: AcqClient::getMessageCorba(): return 1. Message kind 'Empty': 
2025/03/19  14:01:38.363  [INFO]    MxiAcqRecoPlugin: AcqClient::getMessageCorba(): return 1. Message kind 'Empty': 
2025/03/19  14:01:48.364  [INFO]    MxiAcqRecoPlugin: AcqClient::getMessageCorba(): return 1. Message kind 'Empty': 
2025/03/19  14:01:58.365  [INFO]    MxiAcqRecoPlugin: AcqClient::getMessageCorba(): return 1. Message kind 'Empty': 
2025/03/19  14:02:08.366  [INFO]    MxiAcqRecoPlugin: AcqClient::getMessageCorba(): return 1. Message kind 'Empty': 
2025/03/19  14:02:18.367  [INFO]    MxiAcqRecoPlugin: AcqClient::getMessageCorba(): return 1. Message kind 'Empty': 
2025/03/19  14:02:28.368  [INFO]    MxiAcqRecoPlugin: AcqClient::getMessageCorba(): return 1. Message kind 'Empty': 
2025/03/19  14:02:38.369  [INFO]    MxiAcqRecoPlugin: AcqClient::getMessageCorba(): return 1. Message kind 'Empty': 
2025/03/19  14:02:48.370  [INFO]    MxiAcqRecoPlugin: AcqClient::getMessageCorba(): return 1. Message kind 'Empty': 
2025/03/19  14:02:58.372  [INFO]    MxiAcqRecoPlugin: AcqClient::getMessageCorba(): return 1. Message kind 'Empty': 
2025/03/19  14:03:08.373  [INFO]    MxiAcqRecoPlugin: AcqClient::getMessageCorba(): return 1. Message kind 'Empty': 
2025/03/19  14:03:18.374  [INFO]    MxiAcqRecoPlugin: AcqClient::getMessageCorba(): return 1. Message kind 'Empty': 
2025/03/19  14:03:28.375  [INFO]    MxiAcqRecoPlugin: AcqClient::getMessageCorba(): return 1. Message kind 'Empty': 
2025/03/19  14:03:38.376  [INFO]    MxiAcqRecoPlugin: AcqClient::getMessageCorba(): return 1. Message kind 'Empty': 
2025/03/19  14:03:48.377  [INFO]    MxiAcqRecoPlugin: AcqClient::getMessageCorba(): return 1. Message kind 'Empty': 
2025/03/19  14:03:58.378  [INFO]    MxiAcqRecoPlugin: AcqClient::getMessageCorba(): return 1. Message kind 'Empty': 
2025/03/19  14:04:08.379  [INFO]    MxiAcqRecoPlugin: AcqClient::getMessageCorba(): return 1. Message kind 'Empty': 
2025/03/19  14:04:18.380  [INFO]    MxiAcqRecoPlugin: AcqClient::getMessageCorba(): return 1. Message kind 'Empty': 
2025/03/19  14:04:28.382  [INFO]    MxiAcqRecoPlugin: AcqClient::getMessageCorba(): return 1. Message kind 'Empty': 
2025/03/19  14:04:38.383  [INFO]    MxiAcqRecoPlugin: AcqClient::getMessageCorba(): return 1. Message kind 'Empty': 
2025/03/19  14:04:48.384  [INFO]    MxiAcqRecoPlugin: AcqClient::getMessageCorba(): return 1. Message kind 'Empty': 
2025/03/19  14:04:58.385  [INFO]    MxiAcqRecoPlugin: AcqClient::getMessageCorba(): return 1. Message kind 'Empty': 
2025/03/19  14:05:08.386  [INFO]    MxiAcqRecoPlugin: AcqClient::getMessageCorba(): return 1. Message kind 'Empty': 
2025/03/19  14:05:18.387  [INFO]    MxiAcqRecoPlugin: AcqClient::getMessageCorba(): return 1. Message kind 'Empty': 
2025/03/19  14:05:28.388  [INFO]    MxiAcqRecoPlugin: AcqClient::getMessageCorba(): return 1. Message kind 'Empty': 
2025/03/19  14:05:38.389  [INFO]    MxiAcqRecoPlugin: AcqClient::getMessageCorba(): return 1. Message kind 'Empty': 
2025/03/19  14:05:48.390  [INFO]    MxiAcqRecoPlugin: AcqClient::getMessageCorba(): return 1. Message kind 'Empty': 
2025/03/19  14:05:58.396  [INFO]    MxiAcqRecoPlugin: AcqClient::getMessageCorba(): return 1. Message kind 'Empty': 
2025/03/19  14:06:08.397  [INFO]    MxiAcqRecoPlugin: AcqClient::getMessageCorba(): return 1. Message kind 'Empty': 
2025/03/19  14:06:18.398  [INFO]    MxiAcqRecoPlugin: AcqClient::getMessageCorba(): return 1. Message kind 'Empty': 
2025/03/19  14:06:28.399  [INFO]    MxiAcqRecoPlugin: AcqClient::getMessageCorba(): return 1. Message kind 'Empty': 
2025/03/19  14:06:38.401  [INFO]    MxiAcqRecoPlugin: AcqClient::getMessageCorba(): return 1. Message kind 'Empty': 
2025/03/19  14:06:48.402  [INFO]    MxiAcqRecoPlugin: AcqClient::getMessageCorba(): return 1. Message kind 'Empty': 
2025/03/19  14:06:56.219  [INFO]    MxiAcqRecoPlugin: AcqClient::getMessageCorba(): return 1. Message kind 'Sendgui': statusparsmodified
2025/03/19  14:06:56.220  [INFO]    MxiAcqRecoPlugin: AcqClient::getMessageCorba(): return 1. Message kind 'Sendgui': statusparsmodified
2025/03/19  14:06:56.222  [INFO]    MxiAcqRecoPlugin: AcqClient::getMessageCorba(): return 1. Message kind 'Sendgui': statusparsmodified
2025/03/19  14:06:56.223  [INFO]    MxiAcqRecoPlugin: AcqClient::getMessageCorba(): return 1. Message kind 'Sendgui': statusparsmodified
2025/03/19  14:06:56.427  [INFO]    MxiAcqRecoPlugin: AcqClient::getMessageCorba(): return 1. Message kind 'Show_status': acquisition  finished 
2025/03/19  14:06:56.432  [INFO]    MxiAcqRecoPlugin: AcqClient::getMessageCorba(): return 0. Message kind 'TerminateNormal': 
2025/03/19  14:06:56.438  [INFO]    MxiAcqRecoPlugin: Plugin::beforeStop(): finished
2025/03/19  14:06:56.439  [TRACE]   MrAcqSimulationPlugin: Plugin::beforeStop(): started
2025/03/19  14:06:56.439  [TRACE]   MrAcqSimulationPlugin: Plugin::beforeStop(): return true
2025/03/19  14:06:56.440  [TRACE]   MrAcqSimulationPlugin: SimulationServant_impl::~SimulationServant_impl(): started/finished
